1182361
Loading roi from: /nafs/kcross/PROJECTS/Cueing_Noninvasive_Auditory/mri/data/ROIs/harvardoxford-subcortical_prob_LeftPutamen_MNI152_T1_2mm_bin.nii.gz
Loading mask from: /nafs/kcross/PROJECTS/Cueing_Noninvasive_Auditory/mri/data/MNI152_T1_2mm_brain_mask.nii.gz
Processing /nafs/kcross/PROJECTS/Cueing_Noninvasive_Auditory/mri/data/preprocess2/CM01/MNINonLinear/Results/rest_AP_PA/rest_AP_PA_hp2000.ica/filtered_func_data_clean.nii.gz
WARNING: Mask includes voxels without variance.
Computing voxel-wise connectivity fingerprints...
(956, 211765)
Computing similarity matrix...
Computing the graph Laplacian...
Computing the dominant 1 connectopic maps...
Writing connectopic maps to: /nafs/kcross/PROJECTS/Cueing_Noninvasive_Auditory/mri/data/preprocess/CM01/test_2/filtered_func_data_clean.nii
Computing projections onto mask...
Writing projection maps to: /nafs/kcross/PROJECTS/Cueing_Noninvasive_Auditory/mri/data/preprocess/CM01/test_2/filtered_func_data_clean.nii
Done.
Processing data in /nafs/kcross/PROJECTS/Cueing_Noninvasive_Auditory/mri/data/preprocess/CM01/test_2/filtered_func_data_clean.nii/harvardoxford-subcortical_prob_LeftPutamen_MNI152_T1_2mm_bin.cmaps.nii.gz
Generating polynomial basis set of degree 4 ...
Estimating model  1 of 1
Optimization terminated successfully.
         Current function value: 242.456644
         Iterations: 2
         Function evaluations: 48
Variance explained = 92.01944205330959 % RMSE = 0.005758610704682318
Mean (std) variance explained = 92.01944205330959 ( 0.0 )
Mean (std) RMSE = 0.005758610704682318 ( 0.0 )
Writing output ...
