find: ‘/nafs/kcross/PROJECTS/Cueing_Noninvasive_Auditory/mri/data/preprocess2/.heudiconv/CM01/MNINonLinear/Results/rest_AP_PA/rest_AP_PA_hp2000.ica/’: No such file or directory
find: ‘/nafs/kcross/PROJECTS/Cueing_Noninvasive_Auditory/mri/data/preprocess2/.heudiconv/CM03/MNINonLinear/Results/rest_AP_PA/rest_AP_PA_hp2000.ica/’: No such file or directory
find: ‘/nafs/kcross/PROJECTS/Cueing_Noninvasive_Auditory/mri/data/preprocess2/.heudiconv/CM02/MNINonLinear/Results/rest_AP_PA/rest_AP_PA_hp2000.ica/’: No such file or directory
find: ‘/nafs/kcross/PROJECTS/Cueing_Noninvasive_Auditory/mri/data/preprocess2/.heudiconv/CM04/MNINonLinear/Results/rest_AP_PA/rest_AP_PA_hp2000.ica/’: No such file or directory
find: ‘/nafs/kcross/PROJECTS/Cueing_Noninvasive_Auditory/mri/data/preprocess2/.heudiconv/CM07/MNINonLinear/Results/rest_AP_PA/rest_AP_PA_hp2000.ica/’: No such file or directory
find: ‘/nafs/kcross/PROJECTS/Cueing_Noninvasive_Auditory/mri/data/preprocess2/.heudiconv/CM06/MNINonLinear/Results/rest_AP_PA/rest_AP_PA_hp2000.ica/’: No such file or directory
find: ‘/nafs/kcross/PROJECTS/Cueing_Noninvasive_Auditory/mri/data/preprocess2/.heudiconv/CM08/MNINonLinear/Results/rest_AP_PA/rest_AP_PA_hp2000.ica/’: No such file or directory
find: ‘/nafs/kcross/PROJECTS/Cueing_Noninvasive_Auditory/mri/data/preprocess2/.heudiconv/CM05/MNINonLinear/Results/rest_AP_PA/rest_AP_PA_hp2000.ica/’: No such file or directory
find: ‘/nafs/kcross/PROJECTS/Cueing_Noninvasive_Auditory/mri/data/preprocess2/.heudiconv/CM11/MNINonLinear/Results/rest_AP_PA/rest_AP_PA_hp2000.ica/’: No such file or directory
find: ‘/nafs/kcross/PROJECTS/Cueing_Noninvasive_Auditory/mri/data/preprocess2/.heudiconv/CM09/MNINonLinear/Results/rest_AP_PA/rest_AP_PA_hp2000.ica/’: No such file or directory
find: ‘/nafs/kcross/PROJECTS/Cueing_Noninvasive_Auditory/mri/data/preprocess2/.heudiconv/CM10/MNINonLinear/Results/rest_AP_PA/rest_AP_PA_hp2000.ica/’: No such file or directory
find: ‘/nafs/kcross/PROJECTS/Cueing_Noninvasive_Auditory/mri/data/preprocess2/.heudiconv/CM17/MNINonLinear/Results/rest_AP_PA/rest_AP_PA_hp2000.ica/’: No such file or directory
find: ‘/nafs/kcross/PROJECTS/Cueing_Noninvasive_Auditory/mri/data/preprocess2/.heudiconv/CM14/MNINonLinear/Results/rest_AP_PA/rest_AP_PA_hp2000.ica/’: No such file or directory
find: ‘/nafs/kcross/PROJECTS/Cueing_Noninvasive_Auditory/mri/data/preprocess2/.heudiconv/CM12/MNINonLinear/Results/rest_AP_PA/rest_AP_PA_hp2000.ica/’: No such file or directory
find: ‘/nafs/kcross/PROJECTS/Cueing_Noninvasive_Auditory/mri/data/preprocess2/.heudiconv/CM13/MNINonLinear/Results/rest_AP_PA/rest_AP_PA_hp2000.ica/’: No such file or directory
find: ‘/nafs/kcross/PROJECTS/Cueing_Noninvasive_Auditory/mri/data/preprocess2/.heudiconv/CM16/MNINonLinear/Results/rest_AP_PA/rest_AP_PA_hp2000.ica/’: No such file or directory
find: ‘/nafs/kcross/PROJECTS/Cueing_Noninvasive_Auditory/mri/data/preprocess2/.heudiconv/CM15/MNINonLinear/Results/rest_AP_PA/rest_AP_PA_hp2000.ica/’: No such file or directory
find: ‘/nafs/kcross/PROJECTS/Cueing_Noninvasive_Auditory/mri/data/preprocess2/.heudiconv/CM21/MNINonLinear/Results/rest_AP_PA/rest_AP_PA_hp2000.ica/’: No such file or directory
find: ‘/nafs/kcross/PROJECTS/Cueing_Noninvasive_Auditory/mri/data/preprocess2/.heudiconv/CM19/MNINonLinear/Results/rest_AP_PA/rest_AP_PA_hp2000.ica/’: No such file or directory
find: ‘/nafs/kcross/PROJECTS/Cueing_Noninvasive_Auditory/mri/data/preprocess2/.heudiconv/CM18/MNINonLinear/Results/rest_AP_PA/rest_AP_PA_hp2000.ica/’: No such file or directory
find: ‘/nafs/kcross/PROJECTS/Cueing_Noninvasive_Auditory/mri/data/preprocess2/.heudiconv/CM20/MNINonLinear/Results/rest_AP_PA/rest_AP_PA_hp2000.ica/’: No such file or directory
find: ‘/nafs/kcross/PROJECTS/Cueing_Noninvasive_Auditory/mri/data/preprocess2/CM01/T1w/CM01/MNINonLinear/Results/rest_AP_PA/rest_AP_PA_hp2000.ica/’: No such file or directory
find: ‘/nafs/kcross/PROJECTS/Cueing_Noninvasive_Auditory/mri/data/preprocess2/CM03/T1w/CM03/MNINonLinear/Results/rest_AP_PA/rest_AP_PA_hp2000.ica/’: No such file or directory
find: ‘/nafs/kcross/PROJECTS/Cueing_Noninvasive_Auditory/mri/data/preprocess2/CM02/T1w/CM02/MNINonLinear/Results/rest_AP_PA/rest_AP_PA_hp2000.ica/’: No such file or directory
find: ‘/nafs/kcross/PROJECTS/Cueing_Noninvasive_Auditory/mri/data/preprocess2/CM07/MNINonLinear/Results/rest_AP_PA/rest_AP_PA_hp2000.ica/’: No such file or directory
find: ‘/nafs/kcross/PROJECTS/Cueing_Noninvasive_Auditory/mri/data/preprocess2/CM08/T1w/CM08/MNINonLinear/Results/rest_AP_PA/rest_AP_PA_hp2000.ica/’: No such file or directory
find: ‘/nafs/kcross/PROJECTS/Cueing_Noninvasive_Auditory/mri/data/preprocess2/CM04/T1w/CM04/MNINonLinear/Results/rest_AP_PA/rest_AP_PA_hp2000.ica/’: No such file or directory
find: ‘/nafs/kcross/PROJECTS/Cueing_Noninvasive_Auditory/mri/data/preprocess2/CM06/T1w/CM06/MNINonLinear/Results/rest_AP_PA/rest_AP_PA_hp2000.ica/’: No such file or directory
find: ‘/nafs/kcross/PROJECTS/Cueing_Noninvasive_Auditory/mri/data/preprocess2/CM05/T1w/CM05/MNINonLinear/Results/rest_AP_PA/rest_AP_PA_hp2000.ica/’: No such file or directory
find: ‘/nafs/kcross/PROJECTS/Cueing_Noninvasive_Auditory/mri/data/preprocess2/CM10/T1w/CM10/MNINonLinear/Results/rest_AP_PA/rest_AP_PA_hp2000.ica/’: No such file or directory
find: ‘/nafs/kcross/PROJECTS/Cueing_Noninvasive_Auditory/mri/data/preprocess2/CM09/T1w/CM09/MNINonLinear/Results/rest_AP_PA/rest_AP_PA_hp2000.ica/’: No such file or directory
find: ‘/nafs/kcross/PROJECTS/Cueing_Noninvasive_Auditory/mri/data/preprocess2/CM11/T1w/CM11/MNINonLinear/Results/rest_AP_PA/rest_AP_PA_hp2000.ica/’: No such file or directory
find: ‘/nafs/kcross/PROJECTS/Cueing_Noninvasive_Auditory/mri/data/preprocess2/CM17/T1w/CM17/MNINonLinear/Results/rest_AP_PA/rest_AP_PA_hp2000.ica/’: No such file or directory
find: ‘/nafs/kcross/PROJECTS/Cueing_Noninvasive_Auditory/mri/data/preprocess2/CM14/T1w/CM14/MNINonLinear/Results/rest_AP_PA/rest_AP_PA_hp2000.ica/’: No such file or directory
find: ‘/nafs/kcross/PROJECTS/Cueing_Noninvasive_Auditory/mri/data/preprocess2/CM12/T1w/CM12/MNINonLinear/Results/rest_AP_PA/rest_AP_PA_hp2000.ica/’: No such file or directory
find: ‘/nafs/kcross/PROJECTS/Cueing_Noninvasive_Auditory/mri/data/preprocess2/CM15/T1w/CM15/MNINonLinear/Results/rest_AP_PA/rest_AP_PA_hp2000.ica/’: No such file or directory
find: ‘/nafs/kcross/PROJECTS/Cueing_Noninvasive_Auditory/mri/data/preprocess2/CM16/T1w/CM16/MNINonLinear/Results/rest_AP_PA/rest_AP_PA_hp2000.ica/’: No such file or directory
find: ‘/nafs/kcross/PROJECTS/Cueing_Noninvasive_Auditory/mri/data/preprocess2/CM13/T1w/CM13/MNINonLinear/Results/rest_AP_PA/rest_AP_PA_hp2000.ica/’: No such file or directory
find: ‘/nafs/kcross/PROJECTS/Cueing_Noninvasive_Auditory/mri/data/preprocess2/CM19/T1w/CM19/MNINonLinear/Results/rest_AP_PA/rest_AP_PA_hp2000.ica/’: No such file or directory
find: ‘/nafs/kcross/PROJECTS/Cueing_Noninvasive_Auditory/mri/data/preprocess2/CM18/T1w/CM18/MNINonLinear/Results/rest_AP_PA/rest_AP_PA_hp2000.ica/’: No such file or directory
find: ‘/nafs/kcross/PROJECTS/Cueing_Noninvasive_Auditory/mri/data/preprocess2/CM20/T1w/CM20/MNINonLinear/Results/rest_AP_PA/rest_AP_PA_hp2000.ica/’: No such file or directory
find: ‘/nafs/kcross/PROJECTS/Cueing_Noninvasive_Auditory/mri/data/preprocess2/CM21/T1w/CM21/MNINonLinear/Results/rest_AP_PA/rest_AP_PA_hp2000.ica/’: No such file or directory
find: ‘/nafs/kcross/PROJECTS/Cueing_Noninvasive_Auditory/mri/data/preprocess2/.heudiconv/CM01CM*/MNINonLinear/Results/rest_AP_PA/rest_AP_PA_hp2000.ica/’: No such file or directory
find: ‘/nafs/kcross/PROJECTS/Cueing_Noninvasive_Auditory/mri/data/preprocess2/.heudiconv/CM03CM*/MNINonLinear/Results/rest_AP_PA/rest_AP_PA_hp2000.ica/’: No such file or directory
find: ‘/nafs/kcross/PROJECTS/Cueing_Noninvasive_Auditory/mri/data/preprocess2/.heudiconv/CM02CM*/MNINonLinear/Results/rest_AP_PA/rest_AP_PA_hp2000.ica/’: No such file or directory
find: ‘/nafs/kcross/PROJECTS/Cueing_Noninvasive_Auditory/mri/data/preprocess2/.heudiconv/CM04CM*/MNINonLinear/Results/rest_AP_PA/rest_AP_PA_hp2000.ica/’: No such file or directory
find: ‘/nafs/kcross/PROJECTS/Cueing_Noninvasive_Auditory/mri/data/preprocess2/.heudiconv/CM07CM*/MNINonLinear/Results/rest_AP_PA/rest_AP_PA_hp2000.ica/’: No such file or directory
find: ‘/nafs/kcross/PROJECTS/Cueing_Noninvasive_Auditory/mri/data/preprocess2/.heudiconv/CM06CM*/MNINonLinear/Results/rest_AP_PA/rest_AP_PA_hp2000.ica/’: No such file or directory
find: ‘/nafs/kcross/PROJECTS/Cueing_Noninvasive_Auditory/mri/data/preprocess2/.heudiconv/CM08CM*/MNINonLinear/Results/rest_AP_PA/rest_AP_PA_hp2000.ica/’: No such file or directory
find: ‘/nafs/kcross/PROJECTS/Cueing_Noninvasive_Auditory/mri/data/preprocess2/.heudiconv/CM05CM*/MNINonLinear/Results/rest_AP_PA/rest_AP_PA_hp2000.ica/’: No such file or directory
find: ‘/nafs/kcross/PROJECTS/Cueing_Noninvasive_Auditory/mri/data/preprocess2/.heudiconv/CM11CM*/MNINonLinear/Results/rest_AP_PA/rest_AP_PA_hp2000.ica/’: No such file or directory
find: ‘/nafs/kcross/PROJECTS/Cueing_Noninvasive_Auditory/mri/data/preprocess2/.heudiconv/CM09CM*/MNINonLinear/Results/rest_AP_PA/rest_AP_PA_hp2000.ica/’: No such file or directory
find: ‘/nafs/kcross/PROJECTS/Cueing_Noninvasive_Auditory/mri/data/preprocess2/.heudiconv/CM10CM*/MNINonLinear/Results/rest_AP_PA/rest_AP_PA_hp2000.ica/’: No such file or directory
find: ‘/nafs/kcross/PROJECTS/Cueing_Noninvasive_Auditory/mri/data/preprocess2/.heudiconv/CM17CM*/MNINonLinear/Results/rest_AP_PA/rest_AP_PA_hp2000.ica/’: No such file or directory
find: ‘/nafs/kcross/PROJECTS/Cueing_Noninvasive_Auditory/mri/data/preprocess2/.heudiconv/CM14CM*/MNINonLinear/Results/rest_AP_PA/rest_AP_PA_hp2000.ica/’: No such file or directory
find: ‘/nafs/kcross/PROJECTS/Cueing_Noninvasive_Auditory/mri/data/preprocess2/.heudiconv/CM12CM*/MNINonLinear/Results/rest_AP_PA/rest_AP_PA_hp2000.ica/’: No such file or directory
find: ‘/nafs/kcross/PROJECTS/Cueing_Noninvasive_Auditory/mri/data/preprocess2/.heudiconv/CM13CM*/MNINonLinear/Results/rest_AP_PA/rest_AP_PA_hp2000.ica/’: No such file or directory
find: ‘/nafs/kcross/PROJECTS/Cueing_Noninvasive_Auditory/mri/data/preprocess2/.heudiconv/CM16CM*/MNINonLinear/Results/rest_AP_PA/rest_AP_PA_hp2000.ica/’: No such file or directory
find: ‘/nafs/kcross/PROJECTS/Cueing_Noninvasive_Auditory/mri/data/preprocess2/.heudiconv/CM15CM*/MNINonLinear/Results/rest_AP_PA/rest_AP_PA_hp2000.ica/’: No such file or directory
find: ‘/nafs/kcross/PROJECTS/Cueing_Noninvasive_Auditory/mri/data/preprocess2/.heudiconv/CM21CM*/MNINonLinear/Results/rest_AP_PA/rest_AP_PA_hp2000.ica/’: No such file or directory
find: ‘/nafs/kcross/PROJECTS/Cueing_Noninvasive_Auditory/mri/data/preprocess2/.heudiconv/CM19CM*/MNINonLinear/Results/rest_AP_PA/rest_AP_PA_hp2000.ica/’: No such file or directory
find: ‘/nafs/kcross/PROJECTS/Cueing_Noninvasive_Auditory/mri/data/preprocess2/.heudiconv/CM18CM*/MNINonLinear/Results/rest_AP_PA/rest_AP_PA_hp2000.ica/’: No such file or directory
find: ‘/nafs/kcross/PROJECTS/Cueing_Noninvasive_Auditory/mri/data/preprocess2/.heudiconv/CM20CM*/MNINonLinear/Results/rest_AP_PA/rest_AP_PA_hp2000.ica/’: No such file or directory
find: ‘/nafs/kcross/PROJECTS/Cueing_Noninvasive_Auditory/mri/data/preprocess2/CM01CM*/MNINonLinear/Results/rest_AP_PA/rest_AP_PA_hp2000.ica/’: No such file or directory
find: ‘/nafs/kcross/PROJECTS/Cueing_Noninvasive_Auditory/mri/data/preprocess2/CM01/T1w/CM01CM*/MNINonLinear/Results/rest_AP_PA/rest_AP_PA_hp2000.ica/’: No such file or directory
find: ‘/nafs/kcross/PROJECTS/Cueing_Noninvasive_Auditory/mri/data/preprocess2/CM03CM*/MNINonLinear/Results/rest_AP_PA/rest_AP_PA_hp2000.ica/’: No such file or directory
find: ‘/nafs/kcross/PROJECTS/Cueing_Noninvasive_Auditory/mri/data/preprocess2/CM03/T1w/CM03CM*/MNINonLinear/Results/rest_AP_PA/rest_AP_PA_hp2000.ica/’: No such file or directory
find: ‘/nafs/kcross/PROJECTS/Cueing_Noninvasive_Auditory/mri/data/preprocess2/CM02CM*/MNINonLinear/Results/rest_AP_PA/rest_AP_PA_hp2000.ica/’: No such file or directory
find: ‘/nafs/kcross/PROJECTS/Cueing_Noninvasive_Auditory/mri/data/preprocess2/CM02/T1w/CM02CM*/MNINonLinear/Results/rest_AP_PA/rest_AP_PA_hp2000.ica/’: No such file or directory
find: ‘/nafs/kcross/PROJECTS/Cueing_Noninvasive_Auditory/mri/data/preprocess2/CM07CM*/MNINonLinear/Results/rest_AP_PA/rest_AP_PA_hp2000.ica/’: No such file or directory
find: ‘/nafs/kcross/PROJECTS/Cueing_Noninvasive_Auditory/mri/data/preprocess2/CM08CM*/MNINonLinear/Results/rest_AP_PA/rest_AP_PA_hp2000.ica/’: No such file or directory
find: ‘/nafs/kcross/PROJECTS/Cueing_Noninvasive_Auditory/mri/data/preprocess2/CM08/T1w/CM08CM*/MNINonLinear/Results/rest_AP_PA/rest_AP_PA_hp2000.ica/’: No such file or directory
find: ‘/nafs/kcross/PROJECTS/Cueing_Noninvasive_Auditory/mri/data/preprocess2/CM04CM*/MNINonLinear/Results/rest_AP_PA/rest_AP_PA_hp2000.ica/’: No such file or directory
find: ‘/nafs/kcross/PROJECTS/Cueing_Noninvasive_Auditory/mri/data/preprocess2/CM04/T1w/CM04CM*/MNINonLinear/Results/rest_AP_PA/rest_AP_PA_hp2000.ica/’: No such file or directory
find: ‘/nafs/kcross/PROJECTS/Cueing_Noninvasive_Auditory/mri/data/preprocess2/CM06CM*/MNINonLinear/Results/rest_AP_PA/rest_AP_PA_hp2000.ica/’: No such file or directory
find: ‘/nafs/kcross/PROJECTS/Cueing_Noninvasive_Auditory/mri/data/preprocess2/CM06/T1w/CM06CM*/MNINonLinear/Results/rest_AP_PA/rest_AP_PA_hp2000.ica/’: No such file or directory
find: ‘/nafs/kcross/PROJECTS/Cueing_Noninvasive_Auditory/mri/data/preprocess2/CM05CM*/MNINonLinear/Results/rest_AP_PA/rest_AP_PA_hp2000.ica/’: No such file or directory
find: ‘/nafs/kcross/PROJECTS/Cueing_Noninvasive_Auditory/mri/data/preprocess2/CM05/T1w/CM05CM*/MNINonLinear/Results/rest_AP_PA/rest_AP_PA_hp2000.ica/’: No such file or directory
find: ‘/nafs/kcross/PROJECTS/Cueing_Noninvasive_Auditory/mri/data/preprocess2/CM10CM*/MNINonLinear/Results/rest_AP_PA/rest_AP_PA_hp2000.ica/’: No such file or directory
find: ‘/nafs/kcross/PROJECTS/Cueing_Noninvasive_Auditory/mri/data/preprocess2/CM10/T1w/CM10CM*/MNINonLinear/Results/rest_AP_PA/rest_AP_PA_hp2000.ica/’: No such file or directory
find: ‘/nafs/kcross/PROJECTS/Cueing_Noninvasive_Auditory/mri/data/preprocess2/CM09CM*/MNINonLinear/Results/rest_AP_PA/rest_AP_PA_hp2000.ica/’: No such file or directory
find: ‘/nafs/kcross/PROJECTS/Cueing_Noninvasive_Auditory/mri/data/preprocess2/CM09/T1w/CM09CM*/MNINonLinear/Results/rest_AP_PA/rest_AP_PA_hp2000.ica/’: No such file or directory
find: ‘/nafs/kcross/PROJECTS/Cueing_Noninvasive_Auditory/mri/data/preprocess2/CM11CM*/MNINonLinear/Results/rest_AP_PA/rest_AP_PA_hp2000.ica/’: No such file or directory
find: ‘/nafs/kcross/PROJECTS/Cueing_Noninvasive_Auditory/mri/data/preprocess2/CM11/T1w/CM11CM*/MNINonLinear/Results/rest_AP_PA/rest_AP_PA_hp2000.ica/’: No such file or directory
find: ‘/nafs/kcross/PROJECTS/Cueing_Noninvasive_Auditory/mri/data/preprocess2/CM17CM*/MNINonLinear/Results/rest_AP_PA/rest_AP_PA_hp2000.ica/’: No such file or directory
find: ‘/nafs/kcross/PROJECTS/Cueing_Noninvasive_Auditory/mri/data/preprocess2/CM17/T1w/CM17CM*/MNINonLinear/Results/rest_AP_PA/rest_AP_PA_hp2000.ica/’: No such file or directory
find: ‘/nafs/kcross/PROJECTS/Cueing_Noninvasive_Auditory/mri/data/preprocess2/CM14CM*/MNINonLinear/Results/rest_AP_PA/rest_AP_PA_hp2000.ica/’: No such file or directory
find: ‘/nafs/kcross/PROJECTS/Cueing_Noninvasive_Auditory/mri/data/preprocess2/CM14/T1w/CM14CM*/MNINonLinear/Results/rest_AP_PA/rest_AP_PA_hp2000.ica/’: No such file or directory
find: ‘/nafs/kcross/PROJECTS/Cueing_Noninvasive_Auditory/mri/data/preprocess2/CM12CM*/MNINonLinear/Results/rest_AP_PA/rest_AP_PA_hp2000.ica/’: No such file or directory
find: ‘/nafs/kcross/PROJECTS/Cueing_Noninvasive_Auditory/mri/data/preprocess2/CM12/T1w/CM12CM*/MNINonLinear/Results/rest_AP_PA/rest_AP_PA_hp2000.ica/’: No such file or directory
find: ‘/nafs/kcross/PROJECTS/Cueing_Noninvasive_Auditory/mri/data/preprocess2/CM15CM*/MNINonLinear/Results/rest_AP_PA/rest_AP_PA_hp2000.ica/’: No such file or directory
find: ‘/nafs/kcross/PROJECTS/Cueing_Noninvasive_Auditory/mri/data/preprocess2/CM15/T1w/CM15CM*/MNINonLinear/Results/rest_AP_PA/rest_AP_PA_hp2000.ica/’: No such file or directory
find: ‘/nafs/kcross/PROJECTS/Cueing_Noninvasive_Auditory/mri/data/preprocess2/CM16CM*/MNINonLinear/Results/rest_AP_PA/rest_AP_PA_hp2000.ica/’: No such file or directory
find: ‘/nafs/kcross/PROJECTS/Cueing_Noninvasive_Auditory/mri/data/preprocess2/CM16/T1w/CM16CM*/MNINonLinear/Results/rest_AP_PA/rest_AP_PA_hp2000.ica/’: No such file or directory
find: ‘/nafs/kcross/PROJECTS/Cueing_Noninvasive_Auditory/mri/data/preprocess2/CM13CM*/MNINonLinear/Results/rest_AP_PA/rest_AP_PA_hp2000.ica/’: No such file or directory
find: ‘/nafs/kcross/PROJECTS/Cueing_Noninvasive_Auditory/mri/data/preprocess2/CM13/T1w/CM13CM*/MNINonLinear/Results/rest_AP_PA/rest_AP_PA_hp2000.ica/’: No such file or directory
find: ‘/nafs/kcross/PROJECTS/Cueing_Noninvasive_Auditory/mri/data/preprocess2/CM19CM*/MNINonLinear/Results/rest_AP_PA/rest_AP_PA_hp2000.ica/’: No such file or directory
find: ‘/nafs/kcross/PROJECTS/Cueing_Noninvasive_Auditory/mri/data/preprocess2/CM19/T1w/CM19CM*/MNINonLinear/Results/rest_AP_PA/rest_AP_PA_hp2000.ica/’: No such file or directory
find: ‘/nafs/kcross/PROJECTS/Cueing_Noninvasive_Auditory/mri/data/preprocess2/CM18CM*/MNINonLinear/Results/rest_AP_PA/rest_AP_PA_hp2000.ica/’: No such file or directory
find: ‘/nafs/kcross/PROJECTS/Cueing_Noninvasive_Auditory/mri/data/preprocess2/CM18/T1w/CM18CM*/MNINonLinear/Results/rest_AP_PA/rest_AP_PA_hp2000.ica/’: No such file or directory
find: ‘/nafs/kcross/PROJECTS/Cueing_Noninvasive_Auditory/mri/data/preprocess2/CM20CM*/MNINonLinear/Results/rest_AP_PA/rest_AP_PA_hp2000.ica/’: No such file or directory
find: ‘/nafs/kcross/PROJECTS/Cueing_Noninvasive_Auditory/mri/data/preprocess2/CM20/T1w/CM20CM*/MNINonLinear/Results/rest_AP_PA/rest_AP_PA_hp2000.ica/’: No such file or directory
find: ‘/nafs/kcross/PROJECTS/Cueing_Noninvasive_Auditory/mri/data/preprocess2/CM21CM*/MNINonLinear/Results/rest_AP_PA/rest_AP_PA_hp2000.ica/’: No such file or directory
find: ‘/nafs/kcross/PROJECTS/Cueing_Noninvasive_Auditory/mri/data/preprocess2/CM21/T1w/CM21CM*/MNINonLinear/Results/rest_AP_PA/rest_AP_PA_hp2000.ica/’: No such file or directory
/cm/local/apps/slurm/var/spool/job1182353/slurm_script: line 100: syntax error: unexpected end of file
