1182360
Loading roi from: /nafs/kcross/PROJECTS/Cueing_Noninvasive_Auditory/mri/data/ROIs/harvardoxford-subcortical_prob_LeftPutamen_MNI152_T1_2mm_bin.nii.gz
Loading mask from: /nafs/kcross/PROJECTS/Cueing_Noninvasive_Auditory/mri/data/MNI152_T1_2mm_brain_mask.nii.gz
Processing /nafs/kcross/PROJECTS/Cueing_Noninvasive_Auditory/mri/data/preprocess2/CM01/MNINonLinear/Results/rest_AP_PA/rest_AP_PA_hp2000.ica/filtered_func_data_clean.nii.gz
WARNING: Mask includes voxels without variance.
Computing voxel-wise connectivity fingerprints...
(956, 211765)
Computing similarity matrix...
Computing the graph Laplacian...
Computing the dominant 3 connectopic maps...
Writing connectopic maps to: /nafs/kcross/PROJECTS/Cueing_Noninvasive_Auditory/mri/data/preprocess/CM01/test_1/filtered_func_data_clean.nii
Computing projections onto mask...
Writing projection maps to: /nafs/kcross/PROJECTS/Cueing_Noninvasive_Auditory/mri/data/preprocess/CM01/test_1/filtered_func_data_clean.nii
Done.
Processing data in /nafs/kcross/PROJECTS/Cueing_Noninvasive_Auditory/mri/data/preprocess/CM01/test_1/filtered_func_data_clean.nii/harvardoxford-subcortical_prob_LeftPutamen_MNI152_T1_2mm_bin.cmaps.nii.gz
Generating polynomial basis set of degree 4 ...
Estimating model  1 of 3
Optimization terminated successfully.
         Current function value: 242.456644
         Iterations: 2
         Function evaluations: 48
Variance explained = 92.01944205330958 % RMSE = 0.005758610704682318
Estimating model  2 of 3
Optimization terminated successfully.
         Current function value: 1221.884921
         Iterations: 2
         Function evaluations: 47
Variance explained = 46.8244134272881 % RMSE = 0.015028363238679376
Estimating model  3 of 3
Optimization terminated successfully.
         Current function value: 1045.506769
         Iterations: 2
         Function evaluations: 49
Variance explained = 61.714700614587706 % RMSE = 0.012396583616301816
Mean (std) variance explained = 66.85285203172846 ( 18.805107517477342 )
Mean (std) RMSE = 0.01106118585322117 ( 0.0039003883054226636 )
Writing output ...
