1182348
Loading roi from: /nafs/kcross/PROJECTS/Cueing_Noninvasive_Auditory/mri/data/ROIs/harvardoxford-subcortical_prob_LeftPutamen_MNI152_T1_2mm_bin.nii.gz
Loading mask from: /nafs/kcross/PROJECTS/Cueing_Noninvasive_Auditory/mri/data/MNI152_T1_2mm_brain_mask.nii.gz
Processing /nafs/kcross/PROJECTS/Cueing_Noninvasive_Auditory/mri/data/preprocess2/CM01/MNINonLinear/Results/rest_AP_PA/rest_AP_PA_hp2000.ica/filtered_func_data_clean.nii.gz
WARNING: Mask includes voxels without variance.
Computing voxel-wise connectivity fingerprints...
(956, 211765)
Computing similarity matrix...
Computing the graph Laplacian...
Computing the dominant 1 connectopic maps...
Writing connectopic maps to: /nafs/kcross/PROJECTS/Cueing_Noninvasive_Auditory/mri/data/preprocess/CM01/test_result/filtered_func_data_clean.nii
Computing projections onto mask...
Writing projection maps to: /nafs/kcross/PROJECTS/Cueing_Noninvasive_Auditory/mri/data/preprocess/CM01/test_result/filtered_func_data_clean.nii
Done.
Processing data in /nafs/kcross/PROJECTS/Cueing_Noninvasive_Auditory/mri/data/preprocess/CM01/test_result/filtered_func_data_clean.nii/harvardoxford-subcortical_prob_LeftPutamen_MNI152_T1_2mm_bin.cmaps.nii.gz
Generating polynomial basis set of degree 2 ...
Estimating model  1 of 1
Optimization terminated successfully.
         Current function value: 331.786285
         Iterations: 2
         Function evaluations: 47
Variance explained = 90.03231837079753 % RMSE = 0.006463371276111907
Mean (std) variance explained = 90.03231837079753 ( 0.0 )
Mean (std) RMSE = 0.006463371276111907 ( 0.0 )
Writing output ...
